This is pdfTeX, Version 3.14159265-2.6-1.40.17 (MiKTeX 2.9.6100 64-bit) (preloaded format=pdflatex 2017.1.18)  14 DEC 2017 22:28
entering extended mode
**./snp-section.tex
(snp-section.tex
LaTeX2e <2016/03/31> patch level 3
Babel <3.9r> and hyphenation patterns for 75 language(s) loaded.
("C:\Study\LaTeX\MiKTeX 2.9\tex\latex\base\article.cls"
Document Class: article 2014/09/29 v1.4h Standard LaTeX document class
("C:\Study\LaTeX\MiKTeX 2.9\tex\latex\base\fleqn.clo"
File: fleqn.clo 2015/03/31 v1.1i Standard LaTeX option (flush left equations)
\mathindent=\dimen102
Applying: [2015/01/01] Make \[ robust on input line 50.
LaTeX Info: Redefining \[ on input line 51.
Already applied: [0000/00/00] Make \[ robust on input line 62.
Applying: [2015/01/01] Make \] robust on input line 74.
LaTeX Info: Redefining \] on input line 75.
Already applied: [0000/00/00] Make \] robust on input line 83.
)
("C:\Study\LaTeX\MiKTeX 2.9\tex\latex\base\size12.clo"
File: size12.clo 2014/09/29 v1.4h Standard LaTeX file (size option)
)
\c@part=\count79
\c@section=\count80
\c@subsection=\count81
\c@subsubsection=\count82
\c@paragraph=\count83
\c@subparagraph=\count84
\c@figure=\count85
\c@table=\count86
\abovecaptionskip=\skip41
\belowcaptionskip=\skip42
\bibindent=\dimen103
) (mycommands.sty
("C:\Study\LaTeX\MiKTeX 2.9\tex\latex\amsmath\amsmath.sty"
Package: amsmath 2016/06/28 v2.15d AMS math features
\@mathmargin=\skip43

For additional information on amsmath, use the `?' option.
("C:\Study\LaTeX\MiKTeX 2.9\tex\latex\amsmath\amstext.sty"
Package: amstext 2000/06/29 v2.01 AMS text

("C:\Study\LaTeX\MiKTeX 2.9\tex\latex\amsmath\amsgen.sty"
File: amsgen.sty 1999/11/30 v2.0 generic functions
\@emptytoks=\toks14
\ex@=\dimen104
))
("C:\Study\LaTeX\MiKTeX 2.9\tex\latex\amsmath\amsbsy.sty"
Package: amsbsy 1999/11/29 v1.2d Bold Symbols
\pmbraise@=\dimen105
)
("C:\Study\LaTeX\MiKTeX 2.9\tex\latex\amsmath\amsopn.sty"
Package: amsopn 2016/03/08 v2.02 operator names
)
\inf@bad=\count87
LaTeX Info: Redefining \frac on input line 199.
\uproot@=\count88
\leftroot@=\count89
LaTeX Info: Redefining \overline on input line 297.
\classnum@=\count90
\DOTSCASE@=\count91
LaTeX Info: Redefining \ldots on input line 394.
LaTeX Info: Redefining \dots on input line 397.
LaTeX Info: Redefining \cdots on input line 518.
\Mathstrutbox@=\box26
\strutbox@=\box27
\big@size=\dimen106
LaTeX Font Info:    Redeclaring font encoding OML on input line 634.
LaTeX Font Info:    Redeclaring font encoding OMS on input line 635.
\macc@depth=\count92
\c@MaxMatrixCols=\count93
\dotsspace@=\muskip10
\c@parentequation=\count94
\dspbrk@lvl=\count95
\tag@help=\toks15
\row@=\count96
\column@=\count97
\maxfields@=\count98
\andhelp@=\toks16
\eqnshift@=\dimen107
\alignsep@=\dimen108
\tagshift@=\dimen109
\tagwidth@=\dimen110
\totwidth@=\dimen111
\lineht@=\dimen112
\@envbody=\toks17
\multlinegap=\skip44
\multlinetaggap=\skip45
\mathdisplay@stack=\toks18
LaTeX Info: Redefining \[ on input line 2739.
LaTeX Info: Redefining \] on input line 2740.
))
("C:\Study\LaTeX\MiKTeX 2.9\tex\latex\amsfonts\amssymb.sty"
Package: amssymb 2013/01/14 v3.01 AMS font symbols

("C:\Study\LaTeX\MiKTeX 2.9\tex\latex\amsfonts\amsfonts.sty"
Package: amsfonts 2013/01/14 v3.01 Basic AMSFonts support
\symAMSa=\mathgroup4
\symAMSb=\mathgroup5
LaTeX Font Info:    Overwriting math alphabet `\mathfrak' in version `bold'
(Font)                  U/euf/m/n --> U/euf/b/n on input line 106.
))
("C:\Study\LaTeX\MiKTeX 2.9\tex\latex\amscls\amsthm.sty"
Package: amsthm 2015/03/04 v2.20.2
\thm@style=\toks19
\thm@bodyfont=\toks20
\thm@headfont=\toks21
\thm@notefont=\toks22
\thm@headpunct=\toks23
\thm@preskip=\skip46
\thm@postskip=\skip47
\thm@headsep=\skip48
\dth@everypar=\toks24
)
("C:\Study\LaTeX\MiKTeX 2.9\tex\latex\graphics\color.sty"
Package: color 2016/07/10 v1.1e Standard LaTeX Color (DPC)

("C:\Study\LaTeX\MiKTeX 2.9\tex\latex\graphics-cfg\color.cfg"
File: color.cfg 2016/01/02 v1.6 sample color configuration
)
Package color Info: Driver file: pdftex.def on input line 147.

("C:\Study\LaTeX\MiKTeX 2.9\tex\latex\graphics-def\pdftex.def"
File: pdftex.def 2016/07/10 v0.06j Graphics/color for pdfTeX

("C:\Study\LaTeX\MiKTeX 2.9\tex\generic\oberdiek\infwarerr.sty"
Package: infwarerr 2016/05/16 v1.4 Providing info/warning/error messages (HO)
)
("C:\Study\LaTeX\MiKTeX 2.9\tex\generic\oberdiek\ltxcmds.sty"
Package: ltxcmds 2016/05/16 v1.23 LaTeX kernel commands for general use (HO)
)
\Gread@gobject=\count99
))
("C:\Study\LaTeX\MiKTeX 2.9\tex\latex\ltxmisc\pagesize.sty"
Style-Option: `pagesize' v1.2  <94/06/09>.
\pgsz@paper@width=\dimen113
\pgsz@paper@height=\dimen114
\pgsz@width=\dimen115
\pgsz@height=\dimen116
\pgsz@hmargin=\dimen117
\pgsz@vmargin=\dimen118
\pgsz@totheight=\dimen119
) ("C:\Study\LaTeX\MiKTeX 2.9\tex\latex\outlines\outlines.sty"
Package: outlines 2012/1/23 1.1 Ch. Pecheur

("C:\Study\LaTeX\MiKTeX 2.9\tex\latex\base\ifthen.sty"
Package: ifthen 2014/09/29 v1.1c Standard LaTeX ifthen package (DPC)
))
("C:\Study\LaTeX\MiKTeX 2.9\tex\latex\cite\cite.sty"
LaTeX Info: Redefining \cite on input line 302.
LaTeX Info: Redefining \nocite on input line 332.
Package: cite 2015/02/27  v 5.5
)
("C:\Study\LaTeX\MiKTeX 2.9\tex\latex\subfigure\subfigure.sty"
Package: subfigure 2002/07/30 v2.1.4 subfigure package
\subfigtopskip=\skip49
\subfigcapskip=\skip50
\subfigcaptopadj=\dimen120
\subfigbottomskip=\skip51
\subfigcapmargin=\dimen121
\subfiglabelskip=\skip52
\c@subfigure=\count100
\c@lofdepth=\count101
\c@subtable=\count102
\c@lotdepth=\count103

****************************************
* Local config file subfigure.cfg used *
****************************************
("C:\Study\LaTeX\MiKTeX 2.9\tex\latex\subfigure\subfigure.cfg")
\subfig@top=\skip53
\subfig@bottom=\skip54
)
("C:\Study\LaTeX\MiKTeX 2.9\tex\latex\caption\caption.sty"
Package: caption 2016/02/21 v3.3-144 Customizing captions (AR)

("C:\Study\LaTeX\MiKTeX 2.9\tex\latex\caption\caption3.sty"
Package: caption3 2016/05/22 v1.7-166 caption3 kernel (AR)
Package caption3 Info: TeX engine: e-TeX on input line 67.

("C:\Study\LaTeX\MiKTeX 2.9\tex\latex\graphics\keyval.sty"
Package: keyval 2014/10/28 v1.15 key=value parser (DPC)
\KV@toks@=\toks25
)
\captionmargin=\dimen122
\captionmargin@=\dimen123
\captionwidth=\dimen124
\caption@tempdima=\dimen125
\caption@indent=\dimen126
\caption@parindent=\dimen127
\caption@hangindent=\dimen128
)
\c@ContinuedFloat=\count104
Package caption Info: subfigure package is loaded.
)
("C:\Study\LaTeX\MiKTeX 2.9\tex\latex\graphics\epsfig.sty"
Package: epsfig 1999/02/16 v1.7a (e)psfig emulation (SPQR)

("C:\Study\LaTeX\MiKTeX 2.9\tex\latex\graphics\graphicx.sty"
Package: graphicx 2014/10/28 v1.0g Enhanced LaTeX Graphics (DPC,SPQR)

("C:\Study\LaTeX\MiKTeX 2.9\tex\latex\graphics\graphics.sty"
Package: graphics 2016/07/10 v1.0t Standard LaTeX Graphics (DPC,SPQR)

("C:\Study\LaTeX\MiKTeX 2.9\tex\latex\graphics\trig.sty"
Package: trig 2016/01/03 v1.10 sin cos tan (DPC)
)
("C:\Study\LaTeX\MiKTeX 2.9\tex\latex\graphics-cfg\graphics.cfg"
File: graphics.cfg 2016/06/04 v1.11 sample graphics configuration
)
Package graphics Info: Driver file: pdftex.def on input line 99.
)
\Gin@req@height=\dimen129
\Gin@req@width=\dimen130
)
\epsfxsize=\dimen131
\epsfysize=\dimen132
)
("C:\Study\LaTeX\MiKTeX 2.9\tex\latex\hyperref\hyperref.sty"
Package: hyperref 2016/06/24 v6.83q Hypertext links for LaTeX

("C:\Study\LaTeX\MiKTeX 2.9\tex\generic\oberdiek\hobsub-hyperref.sty"
Package: hobsub-hyperref 2016/05/16 v1.14 Bundle oberdiek, subset hyperref (HO)


("C:\Study\LaTeX\MiKTeX 2.9\tex\generic\oberdiek\hobsub-generic.sty"
Package: hobsub-generic 2016/05/16 v1.14 Bundle oberdiek, subset generic (HO)
Package: hobsub 2016/05/16 v1.14 Construct package bundles (HO)
Package hobsub Info: Skipping package `infwarerr' (already loaded).
Package hobsub Info: Skipping package `ltxcmds' (already loaded).
Package: ifluatex 2016/05/16 v1.4 Provides the ifluatex switch (HO)
Package ifluatex Info: LuaTeX not detected.
Package: ifvtex 2016/05/16 v1.6 Detect VTeX and its facilities (HO)
Package ifvtex Info: VTeX not detected.
Package: intcalc 2016/05/16 v1.2 Expandable calculations with integers (HO)
Package: ifpdf 2016/05/14 v3.1 Provides the ifpdf switch
Package: etexcmds 2016/05/16 v1.6 Avoid name clashes with e-TeX commands (HO)
Package etexcmds Info: Could not find \expanded.
(etexcmds)             That can mean that you are not using pdfTeX 1.50 or
(etexcmds)             that some package has redefined \expanded.
(etexcmds)             In the latter case, load this package earlier.
Package: kvsetkeys 2016/05/16 v1.17 Key value parser (HO)
Package: kvdefinekeys 2016/05/16 v1.4 Define keys (HO)
Package: pdftexcmds 2016/05/21 v0.22 Utility functions of pdfTeX for LuaTeX (HO
)
Package pdftexcmds Info: LuaTeX not detected.
Package pdftexcmds Info: \pdf@primitive is available.
Package pdftexcmds Info: \pdf@ifprimitive is available.
Package pdftexcmds Info: \pdfdraftmode found.
Package: pdfescape 2016/05/16 v1.14 Implements pdfTeX's escape features (HO)
Package: bigintcalc 2016/05/16 v1.4 Expandable calculations on big integers (HO
)
Package: bitset 2016/05/16 v1.2 Handle bit-vector datatype (HO)
Package: uniquecounter 2016/05/16 v1.3 Provide unlimited unique counter (HO)
)
Package hobsub Info: Skipping package `hobsub' (already loaded).
Package: letltxmacro 2016/05/16 v1.5 Let assignment for LaTeX macros (HO)
Package: hopatch 2016/05/16 v1.3 Wrapper for package hooks (HO)
Package: xcolor-patch 2016/05/16 xcolor patch
Package: atveryend 2016/05/16 v1.9 Hooks at the very end of document (HO)
Package atveryend Info: \enddocument detected (standard20110627).
Package: atbegshi 2016/06/09 v1.18 At begin shipout hook (HO)
Package: refcount 2016/05/16 v3.5 Data extraction from label references (HO)
Package: hycolor 2016/05/16 v1.8 Color options for hyperref/bookmark (HO)
)
("C:\Study\LaTeX\MiKTeX 2.9\tex\generic\ifxetex\ifxetex.sty"
Package: ifxetex 2010/09/12 v0.6 Provides ifxetex conditional
)
("C:\Study\LaTeX\MiKTeX 2.9\tex\latex\oberdiek\auxhook.sty"
Package: auxhook 2016/05/16 v1.4 Hooks for auxiliary files (HO)
)
("C:\Study\LaTeX\MiKTeX 2.9\tex\latex\oberdiek\kvoptions.sty"
Package: kvoptions 2016/05/16 v3.12 Key value format for package options (HO)
)
\@linkdim=\dimen133
\Hy@linkcounter=\count105
\Hy@pagecounter=\count106

("C:\Study\LaTeX\MiKTeX 2.9\tex\latex\hyperref\pd1enc.def"
File: pd1enc.def 2016/06/24 v6.83q Hyperref: PDFDocEncoding definition (HO)
)
\Hy@SavedSpaceFactor=\count107

("C:\Study\LaTeX\MiKTeX 2.9\tex\latex\00miktex\hyperref.cfg"
File: hyperref.cfg 2002/06/06 v1.2 hyperref configuration of TeXLive
)
Package hyperref Info: Hyper figures OFF on input line 4486.
Package hyperref Info: Link nesting OFF on input line 4491.
Package hyperref Info: Hyper index ON on input line 4494.
Package hyperref Info: Plain pages OFF on input line 4501.
Package hyperref Info: Backreferencing OFF on input line 4506.
Package hyperref Info: Implicit mode ON; LaTeX internals redefined.
Package hyperref Info: Bookmarks ON on input line 4735.
\c@Hy@tempcnt=\count108

("C:\Study\LaTeX\MiKTeX 2.9\tex\latex\url\url.sty"
\Urlmuskip=\muskip11
Package: url 2013/09/16  ver 3.4  Verb mode for urls, etc.
)
LaTeX Info: Redefining \url on input line 5088.
\XeTeXLinkMargin=\dimen134
\Fld@menulength=\count109
\Field@Width=\dimen135
\Fld@charsize=\dimen136
Package hyperref Info: Hyper figures OFF on input line 6342.
Package hyperref Info: Link nesting OFF on input line 6347.
Package hyperref Info: Hyper index ON on input line 6350.
Package hyperref Info: backreferencing OFF on input line 6357.
Package hyperref Info: Link coloring OFF on input line 6362.
Package hyperref Info: Link coloring with OCG OFF on input line 6367.
Package hyperref Info: PDF/A mode OFF on input line 6372.
LaTeX Info: Redefining \ref on input line 6412.
LaTeX Info: Redefining \pageref on input line 6416.
\Hy@abspage=\count110
\c@Item=\count111
\c@Hfootnote=\count112
)

Package hyperref Message: Driver (autodetected): hpdftex.

("C:\Study\LaTeX\MiKTeX 2.9\tex\latex\hyperref\hpdftex.def"
File: hpdftex.def 2016/06/24 v6.83q Hyperref driver for pdfTeX
\Fld@listcount=\count113
\c@bookmark@seq@number=\count114

("C:\Study\LaTeX\MiKTeX 2.9\tex\latex\oberdiek\rerunfilecheck.sty"
Package: rerunfilecheck 2016/05/16 v1.8 Rerun checks for auxiliary files (HO)
Package uniquecounter Info: New unique counter `rerunfilecheck' on input line 2
82.
)
\Hy@SectionHShift=\skip55
)
Package hyperref Info: Option `colorlinks' set `true' on input line 7.

("C:\Study\LaTeX\MiKTeX 2.9\tex\latex\oberdiek\stackrel.sty"
Package: stackrel 2016/05/16 v1.3 Adding subscript option to stackrel (HO)
)
("C:\Study\LaTeX\MiKTeX 2.9\tex\latex\graphics\rotating.sty"
Package: rotating 2016/05/22 v2.16c rotated objects in LaTeX
\c@r@tfl@t=\count115
\rotFPtop=\skip56
\rotFPbot=\skip57
\rot@float@box=\box28
\rot@mess@toks=\toks26
)
("C:\Study\LaTeX\MiKTeX 2.9\tex\latex\natbib\natbib.sty"
Package: natbib 2010/09/13 8.31b (PWD, AO)


Package natbib Warning: The `cite' package should not be used
(natbib)                with natbib. Use option `sort' instead.

\bibhang=\skip58
\bibsep=\skip59
LaTeX Info: Redefining \cite on input line 694.
LaTeX Info: Redefining \citenum on input line 708.
\c@NAT@ctr=\count116
) ("C:\Study\LaTeX\MiKTeX 2.9\tex\latex\algorithmicx\algpseudocode.sty"
Package: algpseudocode 

("C:\Study\LaTeX\MiKTeX 2.9\tex\latex\algorithmicx\algorithmicx.sty"
Package: algorithmicx 2005/04/27 v1.2 Algorithmicx

Document Style algorithmicx 1.2 - a greatly improved `algorithmic' style
\c@ALG@line=\count117
\c@ALG@rem=\count118
\c@ALG@nested=\count119
\ALG@tlm=\skip60
\ALG@thistlm=\skip61
\c@ALG@Lnr=\count120
\c@ALG@blocknr=\count121
\c@ALG@storecount=\count122
\c@ALG@tmpcounter=\count123
\ALG@tmplength=\skip62
)
Document Style - pseudocode environments for use with the `algorithmicx' style
) ("C:\Study\LaTeX\MiKTeX 2.9\tex\latex\algorithms\algorithm.sty"
Package: algorithm 2009/08/24 v0.1 Document Style `algorithm' - floating enviro
nment

("C:\Study\LaTeX\MiKTeX 2.9\tex\latex\float\float.sty"
Package: float 2001/11/08 v1.3d Float enhancements (AL)
\c@float@type=\count124
\float@exts=\toks27
\float@box=\box29
\@float@everytoks=\toks28
\@floatcapt=\box30
)
\@float@every@algorithm=\toks29
\c@algorithm=\count125
)
("C:\Study\LaTeX\MiKTeX 2.9\tex\latex\setspace\setspace.sty"
Package: setspace 2011/12/19 v6.7a set line spacing
)
("C:\Study\LaTeX\MiKTeX 2.9\tex\latex\chngcntr\chngcntr.sty"
Package: chngcntr 2009/09/02 v1.0a change counter resetting
)
("C:\Study\LaTeX\MiKTeX 2.9\tex\latex\apptools\apptools.sty"
Package: apptools 2012/11/28 v1.0 Tools for customizing appendices
) (snp-section.aux)
\openout1 = `snp-section.aux'.

LaTeX Font Info:    Checking defaults for OML/cmm/m/it on input line 42.
LaTeX Font Info:    ... okay on input line 42.
LaTeX Font Info:    Checking defaults for T1/cmr/m/n on input line 42.
LaTeX Font Info:    ... okay on input line 42.
LaTeX Font Info:    Checking defaults for OT1/cmr/m/n on input line 42.
LaTeX Font Info:    ... okay on input line 42.
LaTeX Font Info:    Checking defaults for OMS/cmsy/m/n on input line 42.
LaTeX Font Info:    ... okay on input line 42.
LaTeX Font Info:    Checking defaults for OMX/cmex/m/n on input line 42.
LaTeX Font Info:    ... okay on input line 42.
LaTeX Font Info:    Checking defaults for U/cmr/m/n on input line 42.
LaTeX Font Info:    ... okay on input line 42.
LaTeX Font Info:    Checking defaults for PD1/pdf/m/n on input line 42.
LaTeX Font Info:    ... okay on input line 42.
("C:\Study\LaTeX\MiKTeX 2.9\tex\context\base\supp-pdf.mkii"
[Loading MPS to PDF converter (version 2006.09.02).]
\scratchcounter=\count126
\scratchdimen=\dimen137
\scratchbox=\box31
\nofMPsegments=\count127
\nofMParguments=\count128
\everyMPshowfont=\toks30
\MPscratchCnt=\count129
\MPscratchDim=\dimen138
\MPnumerator=\count130
\makeMPintoPDFobject=\count131
\everyMPtoPDFconversion=\toks31
) ("C:\Study\LaTeX\MiKTeX 2.9\tex\latex\oberdiek\epstopdf-base.sty"
Package: epstopdf-base 2016/05/15 v2.6 Base part for package epstopdf

("C:\Study\LaTeX\MiKTeX 2.9\tex\latex\oberdiek\grfext.sty"
Package: grfext 2016/05/16 v1.2 Manage graphics extensions (HO)
)
Package epstopdf-base Info: Redefining graphics rule for `.eps' on input line 4
38.
Package grfext Info: Graphics extension search list:
(grfext)             [.png,.pdf,.jpg,.mps,.jpeg,.jbig2,.jb2,.PNG,.PDF,.JPG,.JPE
G,.JBIG2,.JB2,.eps]
(grfext)             \AppendGraphicsExtensions on input line 456.
)
Package caption Info: Begin \AtBeginDocument code.
Package caption Info: float package is loaded.
Package caption Info: hyperref package is loaded.
Package caption Info: rotating package is loaded.
Package caption Info: End \AtBeginDocument code.
\AtBeginShipoutBox=\box32
Package hyperref Info: Link coloring ON on input line 42.

("C:\Study\LaTeX\MiKTeX 2.9\tex\latex\hyperref\nameref.sty"
Package: nameref 2016/05/21 v2.44 Cross-referencing by name of section

("C:\Study\LaTeX\MiKTeX 2.9\tex\generic\oberdiek\gettitlestring.sty"
Package: gettitlestring 2016/05/16 v1.5 Cleanup title references (HO)
)
\c@section@level=\count132
)
LaTeX Info: Redefining \ref on input line 42.
LaTeX Info: Redefining \pageref on input line 42.
LaTeX Info: Redefining \nameref on input line 42.

(snp-section.out) (snp-section.out)
\@outlinefile=\write3
\openout3 = `snp-section.out'.

\c@Theorem=\count133
LaTeX Font Info:    Try loading font information for U+msa on input line 55.

("C:\Study\LaTeX\MiKTeX 2.9\tex\latex\amsfonts\umsa.fd"
File: umsa.fd 2013/01/14 v3.01 AMS symbols A
)
LaTeX Font Info:    Try loading font information for U+msb on input line 55.

("C:\Study\LaTeX\MiKTeX 2.9\tex\latex\amsfonts\umsb.fd"
File: umsb.fd 2013/01/14 v3.01 AMS symbols B
) [1

{C:/ProgramData/MiKTeX/2.9/pdftex/config/pdftex.map}] (Introduction.tex [2] [3]
) (model.tex
[4] [5]) (methods.tex [6]

Package hyperref Warning: Token not allowed in a PDF string (PDFDocEncoding):
(hyperref)                removing `math shift' on input line 1.


Package hyperref Warning: Token not allowed in a PDF string (PDFDocEncoding):
(hyperref)                removing `math shift' on input line 1.

[7] [8]

Package hyperref Warning: Token not allowed in a PDF string (PDFDocEncoding):
(hyperref)                removing `math shift' on input line 84.


Package hyperref Warning: Token not allowed in a PDF string (PDFDocEncoding):
(hyperref)                removing `math shift' on input line 84.

[9] [10]

Package hyperref Warning: Token not allowed in a PDF string (PDFDocEncoding):
(hyperref)                removing `math shift' on input line 115.


Package hyperref Warning: Token not allowed in a PDF string (PDFDocEncoding):
(hyperref)                removing `subscript' on input line 115.


Package hyperref Warning: Token not allowed in a PDF string (PDFDocEncoding):
(hyperref)                removing `math shift' on input line 115.


Package hyperref Warning: Token not allowed in a PDF string (PDFDocEncoding):
(hyperref)                removing `math shift' on input line 115.


Package hyperref Warning: Token not allowed in a PDF string (PDFDocEncoding):
(hyperref)                removing `math shift' on input line 115.

[11] [12] [13]) (simulation.tex [14] [15] [16]) (realdata.tex [17]
Underfull \hbox (badness 10000) in paragraph at lines 42--42
[]\OT1/cmr/m/n/8 rs17027523: 20kb up-stream of
 []


Underfull \hbox (badness 10000) in paragraph at lines 42--42
[]\OT1/cmr/m/n/8 Multiple stud-ies ([][]$\OT1/cmtt/m/n/8 https :
 []


Underfull \hbox (badness 10000) in paragraph at lines 42--42
\OT1/cmtt/m/n/8 / / www . snpedia . com / index .
 []


Underfull \hbox (badness 10000) in paragraph at lines 43--43
[]\OT1/cmr/m/n/8 rs12662873: 1 kb up-stream of
 []


Underfull \hbox (badness 10000) in paragraph at lines 43--43
[]\OT1/cmr/m/n/8 Multiple stud-ies ([][]$\OT1/cmtt/m/n/8 https :
 []


Underfull \hbox (badness 10000) in paragraph at lines 43--43
\OT1/cmtt/m/n/8 / / www . snpedia . com / index .
 []


Underfull \hbox (badness 10000) in paragraph at lines 44--44
[]\OT1/cmr/m/n/8 rs9419624: 600b down-stream of
 []


Underfull \hbox (badness 10000) in paragraph at lines 45--45
[]\OT1/cmr/m/n/8 Multiple stud-ies ([][]$\OT1/cmtt/m/n/8 https :
 []


Underfull \hbox (badness 10000) in paragraph at lines 45--45
\OT1/cmtt/m/n/8 / / www . snpedia . com / index .
 []

<"../Codes/plot_h0.05_tau2".pdf, id=370, 505.89pt x 289.08pt>
File: "../Codes/plot_h0.05_tau2".pdf Graphic file (type pdf)

<use "../Codes/plot_h0.05_tau2".pdf>
Package pdftex.def Info: "../Codes/plot_h0.05_tau2".pdf used on input line 56.
(pdftex.def)             Requested size: 232.41104pt x 132.80638pt.

<"../Codes/plot_h0.05_tau3".pdf, id=371, 505.89pt x 289.08pt>
File: "../Codes/plot_h0.05_tau3".pdf Graphic file (type pdf)

<use "../Codes/plot_h0.05_tau3".pdf>
Package pdftex.def Info: "../Codes/plot_h0.05_tau3".pdf used on input line 57.
(pdftex.def)             Requested size: 232.41104pt x 132.80638pt.

<"../Codes/plot_h0.05_tau6".pdf, id=372, 505.89pt x 289.08pt>
File: "../Codes/plot_h0.05_tau6".pdf Graphic file (type pdf)

<use "../Codes/plot_h0.05_tau6".pdf>
Package pdftex.def Info: "../Codes/plot_h0.05_tau6".pdf used on input line 58.
(pdftex.def)             Requested size: 232.41104pt x 132.80638pt.

<"../Codes/plot_h0.05_tau10".pdf, id=373, 505.89pt x 289.08pt>
File: "../Codes/plot_h0.05_tau10".pdf Graphic file (type pdf)

<use "../Codes/plot_h0.05_tau10".pdf>
Package pdftex.def Info: "../Codes/plot_h0.05_tau10".pdf used on input line 59.

(pdftex.def)             Requested size: 232.41104pt x 132.80638pt.

<"../gedi5 outputs/plotMZDZ_SLC6A3".png, id=374, 867.24pt x 487.8225pt>
File: "../gedi5 outputs/plotMZDZ_SLC6A3".png Graphic file (type png)

<use "../gedi5 outputs/plotMZDZ_SLC6A3".png>
Package pdftex.def Info: "../gedi5 outputs/plotMZDZ_SLC6A3".png used on input l
ine 68.
(pdftex.def)             Requested size: 232.41104pt x 130.73128pt.

<"../gedi5 outputs/plotMZDZ_SLC6A4".png, id=375, 867.24pt x 487.8225pt>
File: "../gedi5 outputs/plotMZDZ_SLC6A4".png Graphic file (type png)

<use "../gedi5 outputs/plotMZDZ_SLC6A4".png>
Package pdftex.def Info: "../gedi5 outputs/plotMZDZ_SLC6A4".png used on input l
ine 69.
(pdftex.def)             Requested size: 232.41104pt x 130.73128pt.

<"../gedi5 outputs/plotMZDZ_DRD2".png, id=376, 867.24pt x 487.8225pt>
File: "../gedi5 outputs/plotMZDZ_DRD2".png Graphic file (type png)

<use "../gedi5 outputs/plotMZDZ_DRD2".png>
Package pdftex.def Info: "../gedi5 outputs/plotMZDZ_DRD2".png used on input lin
e 71.
(pdftex.def)             Requested size: 232.41104pt x 130.73128pt.

<"../gedi5 outputs/plotMZDZ_GABRA2".png, id=377, 867.24pt x 487.8225pt>
File: "../gedi5 outputs/plotMZDZ_GABRA2".png Graphic file (type png)

<use "../gedi5 outputs/plotMZDZ_GABRA2".png>
Package pdftex.def Info: "../gedi5 outputs/plotMZDZ_GABRA2".png used on input l
ine 85.
(pdftex.def)             Requested size: 232.41104pt x 130.73128pt.

<"../gedi5 outputs/plotMZDZ_ADH".png, id=378, 867.24pt x 487.8225pt>
File: "../gedi5 outputs/plotMZDZ_ADH".png Graphic file (type png)

<use "../gedi5 outputs/plotMZDZ_ADH".png>
Package pdftex.def Info: "../gedi5 outputs/plotMZDZ_ADH".png used on input line
 86.
(pdftex.def)             Requested size: 232.41104pt x 130.73128pt.

<"../gedi5 outputs/plotMZDZ_OPRM1".png, id=379, 867.24pt x 487.8225pt>
File: "../gedi5 outputs/plotMZDZ_OPRM1".png Graphic file (type png)

<use "../gedi5 outputs/plotMZDZ_OPRM1".png>
Package pdftex.def Info: "../gedi5 outputs/plotMZDZ_OPRM1".png used on input li
ne 88.
(pdftex.def)             Requested size: 232.41104pt x 130.73128pt.

<"../gedi5 outputs/plotMZDZ_CYP2E1".png, id=380, 867.24pt x 487.8225pt>
File: "../gedi5 outputs/plotMZDZ_CYP2E1".png Graphic file (type png)

<use "../gedi5 outputs/plotMZDZ_CYP2E1".png>
Package pdftex.def Info: "../gedi5 outputs/plotMZDZ_CYP2E1".png used on input l
ine 89.
(pdftex.def)             Requested size: 232.41104pt x 130.73128pt.

<"../gedi5 outputs/plotMZDZ_ALDH2".png, id=381, 867.24pt x 487.8225pt>
File: "../gedi5 outputs/plotMZDZ_ALDH2".png Graphic file (type png)

<use "../gedi5 outputs/plotMZDZ_ALDH2".png>
Package pdftex.def Info: "../gedi5 outputs/plotMZDZ_ALDH2".png used on input li
ne 91.
(pdftex.def)             Requested size: 232.41104pt x 130.73128pt.

<"../gedi5 outputs/plotMZDZ_COMT".png, id=382, 867.24pt x 487.8225pt>
File: "../gedi5 outputs/plotMZDZ_COMT".png Graphic file (type png)

<use "../gedi5 outputs/plotMZDZ_COMT".png>
Package pdftex.def Info: "../gedi5 outputs/plotMZDZ_COMT".png used on input lin
e 92.
(pdftex.def)             Requested size: 232.41104pt x 130.73128pt.
) (conclusion.tex [18]) [19]
(snp-section.bbl [20] [21] [22]
Missing character: There is no â in font cmr12!
Missing character: There is no € in font cmr12!
Missing character: There is no “ in font cmr12!
)
Package atveryend Info: Empty hook `BeforeClearDocument' on input line 71.
 [23] [24] [25 <../Codes/plot_h0.05_tau2.pdf> <../Codes/plot_h0.05_tau3.pdf> <.
./Codes/plot_h0.05_tau6.pdf> <../Codes/plot_h0.05_tau10.pdf> <../gedi5 outputs/
plotMZDZ_SLC6A3.png> <../gedi5 outputs/plotMZDZ_SLC6A4.png> <../gedi5 outputs/p
lotMZDZ_DRD2.png>] [26 <../gedi5 outputs/plotMZDZ_GABRA2.png> <../gedi5 outputs
/plotMZDZ_ADH.png> <../gedi5 outputs/plotMZDZ_OPRM1.png> <../gedi5 outputs/plot
MZDZ_CYP2E1.png> <../gedi5 outputs/plotMZDZ_ALDH2.png> <../gedi5 outputs/plotMZ
DZ_COMT.png>]
Package atveryend Info: Empty hook `AfterLastShipout' on input line 71.
 (snp-section.aux)
Package atveryend Info: Executing hook `AtVeryEndDocument' on input line 71.
Package atveryend Info: Executing hook `AtEndAfterFileList' on input line 71.
Package rerunfilecheck Info: File `snp-section.out' has not changed.
(rerunfilecheck)             Checksum: 14B28F9D5F9087C97CB763FCEB306436;904.
Package atveryend Info: Empty hook `AtVeryVeryEnd' on input line 71.
 ) 
Here is how much of TeX's memory you used:
 9041 strings out of 493333
 132817 string characters out of 3140056
 247957 words of memory out of 3000000
 12275 multiletter control sequences out of 15000+200000
 20925 words of font info for 79 fonts, out of 3000000 for 9000
 1141 hyphenation exceptions out of 8191
 36i,15n,39p,1985b,475s stack positions out of 5000i,500n,10000p,200000b,50000s
<C:/Study/LaTeX/MiKTeX 2.9/fonts/type1/public/amsfonts/cm/cmbx12.pfb><C:/Stud
y/LaTeX/MiKTeX 2.9/fonts/type1/public/amsfonts/cm/cmex10.pfb><C:/Study/LaTeX/Mi
KTeX 2.9/fonts/type1/public/amsfonts/cm/cmmi10.pfb><C:/Study/LaTeX/MiKTeX 2.9/f
onts/type1/public/amsfonts/cm/cmmi12.pfb><C:/Study/LaTeX/MiKTeX 2.9/fonts/type1
/public/amsfonts/cm/cmmi6.pfb><C:/Study/LaTeX/MiKTeX 2.9/fonts/type1/public/ams
fonts/cm/cmmi8.pfb><C:/Study/LaTeX/MiKTeX 2.9/fonts/type1/public/amsfonts/cm/cm
mib10.pfb><C:/Study/LaTeX/MiKTeX 2.9/fonts/type1/public/amsfonts/cmextra/cmmib8
.pfb><C:/Study/LaTeX/MiKTeX 2.9/fonts/type1/public/amsfonts/cm/cmr10.pfb><C:/St
udy/LaTeX/MiKTeX 2.9/fonts/type1/public/amsfonts/cm/cmr12.pfb><C:/Study/LaTeX/M
iKTeX 2.9/fonts/type1/public/amsfonts/cm/cmr17.pfb><C:/Study/LaTeX/MiKTeX 2.9/f
onts/type1/public/amsfonts/cm/cmr6.pfb><C:/Study/LaTeX/MiKTeX 2.9/fonts/type1/p
ublic/amsfonts/cm/cmr8.pfb><C:/Study/LaTeX/MiKTeX 2.9/fonts/type1/public/amsfon
ts/cm/cmsy10.pfb><C:/Study/LaTeX/MiKTeX 2.9/fonts/type1/public/amsfonts/cm/cmsy
8.pfb><C:/Study/LaTeX/MiKTeX 2.9/fonts/type1/public/amsfonts/cm/cmti12.pfb><C:/
Study/LaTeX/MiKTeX 2.9/fonts/type1/public/amsfonts/cm/cmtt12.pfb><C:/Study/LaTe
X/MiKTeX 2.9/fonts/type1/public/amsfonts/cm/cmtt8.pfb><C:/Study/LaTeX/MiKTeX 2.
9/fonts/type1/public/amsfonts/symbols/msam10.pfb><C:/Study/LaTeX/MiKTeX 2.9/fon
ts/type1/public/amsfonts/symbols/msbm10.pfb>
Output written on snp-section.pdf (26 pages, 1259419 bytes).
PDF statistics:
 571 PDF objects out of 1000 (max. 8388607)
 116 named destinations out of 1000 (max. 500000)
 178 words of extra memory for PDF output out of 10000 (max. 10000000)

