This is pdfTeX, Version 3.14159265-2.6-1.40.17 (MiKTeX 2.9.6100 64-bit) (preloaded format=pdflatex 2016.12.9)  22 FEB 2018 10:35
entering extended mode
**./Twin-studies-e-values-AoAS.tex
(Twin-studies-e-values-AoAS.tex
LaTeX2e <2016/03/31> patch level 3
Babel <3.9r> and hyphenation patterns for 75 language(s) loaded.
(imsart.cls
Document Class: imsart 2010/04/27 driver class for package imsart.sty
("D:\Study\LaTeX\MikTeX 2.9.6161\tex\latex\base\article.cls"
Document Class: article 2014/09/29 v1.4h Standard LaTeX document class
("D:\Study\LaTeX\MikTeX 2.9.6161\tex\latex\base\leqno.clo"
File: leqno.clo 2015/03/31 v1.1i Standard LaTeX option (left equation numbers)
)
("D:\Study\LaTeX\MikTeX 2.9.6161\tex\latex\base\size11.clo"
File: size11.clo 2014/09/29 v1.4h Standard LaTeX file (size option)
)
\c@part=\count79
\c@section=\count80
\c@subsection=\count81
\c@subsubsection=\count82
\c@paragraph=\count83
\c@subparagraph=\count84
\c@figure=\count85
\c@table=\count86
\abovecaptionskip=\skip41
\belowcaptionskip=\skip42
\bibindent=\dimen102
) (imsart.sty
File: imsart.sty 2014/10/16IMS article style (VS)

No file imsart.cnf.
("D:\Study\LaTeX\MikTeX 2.9.6161\tex\latex\base\leqno.clo"
File: leqno.clo 2015/03/31 v1.1i Standard LaTeX option (left equation numbers)
)
\c@firstpage=\count87
\c@lastpage=\count88
\c@thanks=\count89
\c@addressref=\count90

("D:\Study\LaTeX\MikTeX 2.9.6161\tex\latex\graphics\keyval.sty"
Package: keyval 2014/10/28 v1.15 key=value parser (DPC)
\KV@toks@=\toks14
)
\c@emailref=\count91
\c@author=\count92
\c@address=\count93
\sv@mathsurround=\dimen103
\sv@parindent=\dimen104
\fm@box=\box26
\fm@size=\dimen105
\t@xtheight=\dimen106
\abstract@box=\box27
\keyword@box=\box28
\pre@kwd@depth=\dimen107
\keyword@toks=\toks15
\authors@list=\toks16
\keywords@list=\toks17

No file imsart-aoas.cnf.
)) ("D:\Study\LaTeX\MikTeX 2.9.6161\tex\latex\amsfonts\amssymb.sty"
Package: amssymb 2013/01/14 v3.01 AMS font symbols

("D:\Study\LaTeX\MikTeX 2.9.6161\tex\latex\amsfonts\amsfonts.sty"
Package: amsfonts 2013/01/14 v3.01 Basic AMSFonts support


Package amsfonts Warning: The 'psamsfonts' option is obsolete in AMSFonts v3.

\@emptytoks=\toks18
\symAMSa=\mathgroup4
\symAMSb=\mathgroup5
LaTeX Font Info:    Overwriting math alphabet `\mathfrak' in version `bold'
(Font)                  U/euf/m/n --> U/euf/b/n on input line 106.
)) ("D:\Study\LaTeX\MikTeX 2.9.6161\tex\latex\amsmath\amsmath.sty"
Package: amsmath 2016/06/28 v2.15d AMS math features
\@mathmargin=\skip43

For additional information on amsmath, use the `?' option.
("D:\Study\LaTeX\MikTeX 2.9.6161\tex\latex\amsmath\amstext.sty"
Package: amstext 2000/06/29 v2.01 AMS text

("D:\Study\LaTeX\MikTeX 2.9.6161\tex\latex\amsmath\amsgen.sty"
File: amsgen.sty 1999/11/30 v2.0 generic functions
\@emptytoks=\toks19
\ex@=\dimen108
))
("D:\Study\LaTeX\MikTeX 2.9.6161\tex\latex\amsmath\amsbsy.sty"
Package: amsbsy 1999/11/29 v1.2d Bold Symbols
\pmbraise@=\dimen109
)
("D:\Study\LaTeX\MikTeX 2.9.6161\tex\latex\amsmath\amsopn.sty"
Package: amsopn 2016/03/08 v2.02 operator names
)
\inf@bad=\count94
LaTeX Info: Redefining \frac on input line 199.
\uproot@=\count95
\leftroot@=\count96
LaTeX Info: Redefining \overline on input line 297.
\classnum@=\count97
\DOTSCASE@=\count98
LaTeX Info: Redefining \ldots on input line 394.
LaTeX Info: Redefining \dots on input line 397.
LaTeX Info: Redefining \cdots on input line 518.
\Mathstrutbox@=\box29
\strutbox@=\box30
\big@size=\dimen110
LaTeX Font Info:    Redeclaring font encoding OML on input line 634.
LaTeX Font Info:    Redeclaring font encoding OMS on input line 635.
\macc@depth=\count99
\c@MaxMatrixCols=\count100
\dotsspace@=\muskip10
\c@parentequation=\count101
\dspbrk@lvl=\count102
\tag@help=\toks20
\row@=\count103
\column@=\count104
\maxfields@=\count105
\andhelp@=\toks21
\eqnshift@=\dimen111
\alignsep@=\dimen112
\tagshift@=\dimen113
\tagwidth@=\dimen114
\totwidth@=\dimen115
\lineht@=\dimen116
\@envbody=\toks22
\multlinegap=\skip44
\multlinetaggap=\skip45
\mathdisplay@stack=\toks23
LaTeX Info: Redefining \[ on input line 2739.
LaTeX Info: Redefining \] on input line 2740.
)
("D:\Study\LaTeX\MikTeX 2.9.6161\tex\latex\amscls\amsthm.sty"
Package: amsthm 2015/03/04 v2.20.2
\thm@style=\toks24
\thm@bodyfont=\toks25
\thm@headfont=\toks26
\thm@notefont=\toks27
\thm@headpunct=\toks28
\thm@preskip=\skip46
\thm@postskip=\skip47
\thm@headsep=\skip48
\dth@everypar=\toks29
)
("D:\Study\LaTeX\MikTeX 2.9.6161\tex\latex\graphics\color.sty"
Package: color 2016/07/10 v1.1e Standard LaTeX Color (DPC)

("D:\Study\LaTeX\MikTeX 2.9.6161\tex\latex\graphics-cfg\color.cfg"
File: color.cfg 2016/01/02 v1.6 sample color configuration
)
Package color Info: Driver file: pdftex.def on input line 147.

("D:\Study\LaTeX\MikTeX 2.9.6161\tex\latex\graphics-def\pdftex.def"
File: pdftex.def 2016/07/10 v0.06j Graphics/color for pdfTeX

("D:\Study\LaTeX\MikTeX 2.9.6161\tex\generic\oberdiek\infwarerr.sty"
Package: infwarerr 2016/05/16 v1.4 Providing info/warning/error messages (HO)
)
("D:\Study\LaTeX\MikTeX 2.9.6161\tex\generic\oberdiek\ltxcmds.sty"
Package: ltxcmds 2016/05/16 v1.23 LaTeX kernel commands for general use (HO)
)
\Gread@gobject=\count106
))
("D:\Study\LaTeX\MikTeX 2.9.6161\tex\latex\ltxmisc\pagesize.sty"
Style-Option: `pagesize' v1.2  <94/06/09>.
\pgsz@paper@width=\dimen117
\pgsz@paper@height=\dimen118
\pgsz@width=\dimen119
\pgsz@height=\dimen120
\pgsz@hmargin=\dimen121
\pgsz@vmargin=\dimen122
\pgsz@totheight=\dimen123
) ("D:\Study\LaTeX\MikTeX 2.9.6161\tex\latex\outlines\outlines.sty"
Package: outlines 2012/1/23 1.1 Ch. Pecheur

("D:\Study\LaTeX\MikTeX 2.9.6161\tex\latex\base\ifthen.sty"
Package: ifthen 2014/09/29 v1.1c Standard LaTeX ifthen package (DPC)
))
("D:\Study\LaTeX\MikTeX 2.9.6161\tex\latex\cite\cite.sty"
LaTeX Info: Redefining \cite on input line 302.
LaTeX Info: Redefining \nocite on input line 332.
Package: cite 2015/02/27  v 5.5
)
("D:\Study\LaTeX\MikTeX 2.9.6161\tex\latex\subfigure\subfigure.sty"
Package: subfigure 2002/07/30 v2.1.4 subfigure package
\subfigtopskip=\skip49
\subfigcapskip=\skip50
\subfigcaptopadj=\dimen124
\subfigbottomskip=\skip51
\subfigcapmargin=\dimen125
\subfiglabelskip=\skip52
\c@subfigure=\count107
\c@lofdepth=\count108
\c@subtable=\count109
\c@lotdepth=\count110

****************************************
* Local config file subfigure.cfg used *
****************************************
("D:\Study\LaTeX\MikTeX 2.9.6161\tex\latex\subfigure\subfigure.cfg")
\subfig@top=\skip53
\subfig@bottom=\skip54
)
("D:\Study\LaTeX\MikTeX 2.9.6161\tex\latex\caption\caption.sty"
Package: caption 2016/02/21 v3.3-144 Customizing captions (AR)

("D:\Study\LaTeX\MikTeX 2.9.6161\tex\latex\caption\caption3.sty"
Package: caption3 2016/05/22 v1.7-166 caption3 kernel (AR)
Package caption3 Info: TeX engine: e-TeX on input line 67.
\captionmargin=\dimen126
\captionmargin@=\dimen127
\captionwidth=\dimen128
\caption@tempdima=\dimen129
\caption@indent=\dimen130
\caption@parindent=\dimen131
\caption@hangindent=\dimen132
Package caption Info: Unknown document class (or package),
(caption)             standard defaults will be used.
)

Package caption Warning: Unsupported document class (or package) detected,
(caption)                usage of the caption package is not recommended.
See the caption package documentation for explanation.

Package caption Info: \@makecaption = \long macro:#1#2->\vskip \abovecaptionski
p \figurecaption@size \sbox \@tempboxa {{\figurename@size #1}\figurename@skip #
2}\ifdim \wd \@tempboxa >\hsize {\figurename@size #1}\figurename@skip #2\par \e
lse \global \@minipagefalse \hb@xt@ \hsize {\hfil \box \@tempboxa \hfil }\fi \v
skip \belowcaptionskip .
\c@ContinuedFloat=\count111
Package caption Info: subfigure package is loaded.
) ("D:\Study\LaTeX\MikTeX 2.9.6161\tex\latex\graphics\epsfig.sty"
Package: epsfig 1999/02/16 v1.7a (e)psfig emulation (SPQR)

("D:\Study\LaTeX\MikTeX 2.9.6161\tex\latex\graphics\graphicx.sty"
Package: graphicx 2014/10/28 v1.0g Enhanced LaTeX Graphics (DPC,SPQR)

("D:\Study\LaTeX\MikTeX 2.9.6161\tex\latex\graphics\graphics.sty"
Package: graphics 2016/07/10 v1.0t Standard LaTeX Graphics (DPC,SPQR)

("D:\Study\LaTeX\MikTeX 2.9.6161\tex\latex\graphics\trig.sty"
Package: trig 2016/01/03 v1.10 sin cos tan (DPC)
)
("D:\Study\LaTeX\MikTeX 2.9.6161\tex\latex\graphics-cfg\graphics.cfg"
File: graphics.cfg 2016/06/04 v1.11 sample graphics configuration
)
Package graphics Info: Driver file: pdftex.def on input line 99.
)
\Gin@req@height=\dimen133
\Gin@req@width=\dimen134
)
\epsfxsize=\dimen135
\epsfysize=\dimen136
)
("D:\Study\LaTeX\MikTeX 2.9.6161\tex\latex\hyperref\hyperref.sty"
Package: hyperref 2016/06/24 v6.83q Hypertext links for LaTeX

("D:\Study\LaTeX\MikTeX 2.9.6161\tex\generic\oberdiek\hobsub-hyperref.sty"
Package: hobsub-hyperref 2016/05/16 v1.14 Bundle oberdiek, subset hyperref (HO)


("D:\Study\LaTeX\MikTeX 2.9.6161\tex\generic\oberdiek\hobsub-generic.sty"
Package: hobsub-generic 2016/05/16 v1.14 Bundle oberdiek, subset generic (HO)
Package: hobsub 2016/05/16 v1.14 Construct package bundles (HO)
Package hobsub Info: Skipping package `infwarerr' (already loaded).
Package hobsub Info: Skipping package `ltxcmds' (already loaded).
Package: ifluatex 2016/05/16 v1.4 Provides the ifluatex switch (HO)
Package ifluatex Info: LuaTeX not detected.
Package: ifvtex 2016/05/16 v1.6 Detect VTeX and its facilities (HO)
Package ifvtex Info: VTeX not detected.
Package: intcalc 2016/05/16 v1.2 Expandable calculations with integers (HO)
Package: ifpdf 2016/05/14 v3.1 Provides the ifpdf switch
Package: etexcmds 2016/05/16 v1.6 Avoid name clashes with e-TeX commands (HO)
Package etexcmds Info: Could not find \expanded.
(etexcmds)             That can mean that you are not using pdfTeX 1.50 or
(etexcmds)             that some package has redefined \expanded.
(etexcmds)             In the latter case, load this package earlier.
Package: kvsetkeys 2016/05/16 v1.17 Key value parser (HO)
Package: kvdefinekeys 2016/05/16 v1.4 Define keys (HO)
Package: pdftexcmds 2016/05/21 v0.22 Utility functions of pdfTeX for LuaTeX (HO
)
Package pdftexcmds Info: LuaTeX not detected.
Package pdftexcmds Info: \pdf@primitive is available.
Package pdftexcmds Info: \pdf@ifprimitive is available.
Package pdftexcmds Info: \pdfdraftmode found.
Package: pdfescape 2016/05/16 v1.14 Implements pdfTeX's escape features (HO)
Package: bigintcalc 2016/05/16 v1.4 Expandable calculations on big integers (HO
)
Package: bitset 2016/05/16 v1.2 Handle bit-vector datatype (HO)
Package: uniquecounter 2016/05/16 v1.3 Provide unlimited unique counter (HO)
)
Package hobsub Info: Skipping package `hobsub' (already loaded).
Package: letltxmacro 2016/05/16 v1.5 Let assignment for LaTeX macros (HO)
Package: hopatch 2016/05/16 v1.3 Wrapper for package hooks (HO)
Package: xcolor-patch 2016/05/16 xcolor patch
Package: atveryend 2016/05/16 v1.9 Hooks at the very end of document (HO)
Package atveryend Info: \old@enddocument detected (standard20110627).
Package: atbegshi 2016/06/09 v1.18 At begin shipout hook (HO)
Package: refcount 2016/05/16 v3.5 Data extraction from label references (HO)
Package: hycolor 2016/05/16 v1.8 Color options for hyperref/bookmark (HO)
)
("D:\Study\LaTeX\MikTeX 2.9.6161\tex\generic\ifxetex\ifxetex.sty"
Package: ifxetex 2010/09/12 v0.6 Provides ifxetex conditional
)
("D:\Study\LaTeX\MikTeX 2.9.6161\tex\latex\oberdiek\auxhook.sty"
Package: auxhook 2016/05/16 v1.4 Hooks for auxiliary files (HO)
)
("D:\Study\LaTeX\MikTeX 2.9.6161\tex\latex\oberdiek\kvoptions.sty"
Package: kvoptions 2016/05/16 v3.12 Key value format for package options (HO)
)
\@linkdim=\dimen137
\Hy@linkcounter=\count112
\Hy@pagecounter=\count113

("D:\Study\LaTeX\MikTeX 2.9.6161\tex\latex\hyperref\pd1enc.def"
File: pd1enc.def 2016/06/24 v6.83q Hyperref: PDFDocEncoding definition (HO)
)
\Hy@SavedSpaceFactor=\count114

("D:\Study\LaTeX\MikTeX 2.9.6161\tex\latex\00miktex\hyperref.cfg"
File: hyperref.cfg 2002/06/06 v1.2 hyperref configuration of TeXLive
)
Package hyperref Info: Option `colorlinks' set `true' on input line 4362.


Package hyperref Warning: Option `pagecolor' is not available anymore.

Package hyperref Info: Option `linktocpage' set `true' on input line 4362.
Package hyperref Info: Hyper figures OFF on input line 4486.
Package hyperref Info: Link nesting OFF on input line 4491.
Package hyperref Info: Hyper index ON on input line 4494.
Package hyperref Info: Plain pages OFF on input line 4501.
Package hyperref Info: Backreferencing OFF on input line 4506.
Package hyperref Info: Implicit mode ON; LaTeX internals redefined.
Package hyperref Info: Bookmarks ON on input line 4735.
\c@Hy@tempcnt=\count115
("D:\Study\LaTeX\MikTeX 2.9.6161\tex\latex\url\url.sty"
\Urlmuskip=\muskip11
Package: url 2013/09/16  ver 3.4  Verb mode for urls, etc.
)
LaTeX Info: Redefining \url on input line 5088.
\XeTeXLinkMargin=\dimen138
\Fld@menulength=\count116
\Field@Width=\dimen139
\Fld@charsize=\dimen140
Package hyperref Info: Hyper figures OFF on input line 6342.
Package hyperref Info: Link nesting OFF on input line 6347.
Package hyperref Info: Hyper index ON on input line 6350.
Package hyperref Info: backreferencing OFF on input line 6357.
Package hyperref Info: Link coloring ON on input line 6360.
Package hyperref Info: Link coloring with OCG OFF on input line 6367.
Package hyperref Info: PDF/A mode OFF on input line 6372.
LaTeX Info: Redefining \ref on input line 6412.
LaTeX Info: Redefining \pageref on input line 6416.
\Hy@abspage=\count117
\c@Item=\count118
\c@Hfootnote=\count119
)

Package hyperref Message: Driver (autodetected): hpdftex.

("D:\Study\LaTeX\MikTeX 2.9.6161\tex\latex\hyperref\hpdftex.def"
File: hpdftex.def 2016/06/24 v6.83q Hyperref driver for pdfTeX
\Fld@listcount=\count120
\c@bookmark@seq@number=\count121

("D:\Study\LaTeX\MikTeX 2.9.6161\tex\latex\oberdiek\rerunfilecheck.sty"
Package: rerunfilecheck 2016/05/16 v1.8 Rerun checks for auxiliary files (HO)
Package uniquecounter Info: New unique counter `rerunfilecheck' on input line 2
82.
)
\Hy@SectionHShift=\skip55
)
("D:\Study\LaTeX\MikTeX 2.9.6161\tex\latex\oberdiek\stackrel.sty"
Package: stackrel 2016/05/16 v1.3 Adding subscript option to stackrel (HO)
)
("D:\Study\LaTeX\MikTeX 2.9.6161\tex\latex\graphics\rotating.sty"
Package: rotating 2016/05/22 v2.16c rotated objects in LaTeX
\c@r@tfl@t=\count122
\rotFPtop=\skip56
\rotFPbot=\skip57
\rot@float@box=\box31
\rot@mess@toks=\toks30
)
("D:\Study\LaTeX\MikTeX 2.9.6161\tex\latex\natbib\natbib.sty"
Package: natbib 2010/09/13 8.31b (PWD, AO)


Package natbib Warning: The `cite' package should not be used
(natbib)                with natbib. Use option `sort' instead.

\bibhang=\skip58
\bibsep=\skip59
LaTeX Info: Redefining \cite on input line 694.
LaTeX Info: Redefining \citenum on input line 708.
\c@NAT@ctr=\count123
) ("D:\Study\LaTeX\MikTeX 2.9.6161\tex\latex\algorithmicx\algpseudocode.sty"
Package: algpseudocode 

("D:\Study\LaTeX\MikTeX 2.9.6161\tex\latex\algorithmicx\algorithmicx.sty"
Package: algorithmicx 2005/04/27 v1.2 Algorithmicx

Document Style algorithmicx 1.2 - a greatly improved `algorithmic' style
\c@ALG@line=\count124
\c@ALG@rem=\count125
\c@ALG@nested=\count126
\ALG@tlm=\skip60
\ALG@thistlm=\skip61
\c@ALG@Lnr=\count127
\c@ALG@blocknr=\count128
\c@ALG@storecount=\count129
\c@ALG@tmpcounter=\count130
\ALG@tmplength=\skip62
)
Document Style - pseudocode environments for use with the `algorithmicx' style
) ("D:\Study\LaTeX\MikTeX 2.9.6161\tex\latex\algorithms\algorithm.sty"
Package: algorithm 2009/08/24 v0.1 Document Style `algorithm' - floating enviro
nment

("D:\Study\LaTeX\MikTeX 2.9.6161\tex\latex\float\float.sty"
Package: float 2001/11/08 v1.3d Float enhancements (AL)
\c@float@type=\count131
\float@exts=\toks31
\float@box=\box32
\@float@everytoks=\toks32
\@floatcapt=\box33
)
\@float@every@algorithm=\toks33
\c@algorithm=\count132
)
("D:\Study\LaTeX\MikTeX 2.9.6161\tex\latex\chngcntr\chngcntr.sty"
Package: chngcntr 2009/09/02 v1.0a change counter resetting
)
("D:\Study\LaTeX\MikTeX 2.9.6161\tex\latex\apptools\apptools.sty"
Package: apptools 2012/11/28 v1.0 Tools for customizing appendices
)
(mycommands2.sty
\c@Lemma=\count133
\c@theorem=\count134
\c@Theorem=\count135
\c@Proposition=\count136
\c@Corollary=\count137
\c@Definition=\count138
\c@Claim=\count139
)
\c@Algorithm=\count140
\c@Example=\count141
 (Twin-studies-e-values-AoAS.aux

LaTeX Warning: Label `m1thanks' multiply defined.


LaTeX Warning: Label `m2thanks' multiply defined.

)
\openout1 = `Twin-studies-e-values-AoAS.aux'.

LaTeX Font Info:    Checking defaults for OML/cmm/m/it on input line 81.
LaTeX Font Info:    ... okay on input line 81.
LaTeX Font Info:    Checking defaults for T1/cmr/m/n on input line 81.
LaTeX Font Info:    ... okay on input line 81.
LaTeX Font Info:    Checking defaults for OT1/cmr/m/n on input line 81.
LaTeX Font Info:    ... okay on input line 81.
LaTeX Font Info:    Checking defaults for OMS/cmsy/m/n on input line 81.
LaTeX Font Info:    ... okay on input line 81.
LaTeX Font Info:    Checking defaults for OMX/cmex/m/n on input line 81.
LaTeX Font Info:    ... okay on input line 81.
LaTeX Font Info:    Checking defaults for U/cmr/m/n on input line 81.
LaTeX Font Info:    ... okay on input line 81.
LaTeX Font Info:    Checking defaults for PD1/pdf/m/n on input line 81.
LaTeX Font Info:    ... okay on input line 81.
 ("D:\Study\LaTeX\MikTeX 2.9.6161\tex\context\base\supp-pdf.mkii"
[Loading MPS to PDF converter (version 2006.09.02).]
\scratchcounter=\count142
\scratchdimen=\dimen141
\scratchbox=\box34
\nofMPsegments=\count143
\nofMParguments=\count144
\everyMPshowfont=\toks34
\MPscratchCnt=\count145
\MPscratchDim=\dimen142
\MPnumerator=\count146
\makeMPintoPDFobject=\count147
\everyMPtoPDFconversion=\toks35
) ("D:\Study\LaTeX\MikTeX 2.9.6161\tex\latex\oberdiek\epstopdf-base.sty"
Package: epstopdf-base 2016/05/15 v2.6 Base part for package epstopdf

("D:\Study\LaTeX\MikTeX 2.9.6161\tex\latex\oberdiek\grfext.sty"
Package: grfext 2016/05/16 v1.2 Manage graphics extensions (HO)
)
Package epstopdf-base Info: Redefining graphics rule for `.eps' on input line 4
38.
Package grfext Info: Graphics extension search list:
(grfext)             [.png,.pdf,.jpg,.mps,.jpeg,.jbig2,.jb2,.PNG,.PDF,.JPG,.JPE
G,.JBIG2,.JB2,.eps]
(grfext)             \AppendGraphicsExtensions on input line 456.
)
Package caption Info: Begin \AtBeginDocument code.
Package caption Info: float package is loaded.
Package caption Info: hyperref package is loaded.
Package caption Info: rotating package is loaded.
Package caption Info: End \AtBeginDocument code.
\AtBeginShipoutBox=\box35
Package hyperref Info: Link coloring ON on input line 81.

("D:\Study\LaTeX\MikTeX 2.9.6161\tex\latex\hyperref\nameref.sty"
Package: nameref 2016/05/21 v2.44 Cross-referencing by name of section

("D:\Study\LaTeX\MikTeX 2.9.6161\tex\generic\oberdiek\gettitlestring.sty"
Package: gettitlestring 2016/05/16 v1.5 Cleanup title references (HO)
)
\c@section@level=\count148
)
LaTeX Info: Redefining \ref on input line 81.
LaTeX Info: Redefining \pageref on input line 81.
LaTeX Info: Redefining \nameref on input line 81.

(Twin-studies-e-values-AoAS.out) (Twin-studies-e-values-AoAS.out)
\@outlinefile=\write3
\openout3 = `Twin-studies-e-values-AoAS.out'.

LaTeX Font Info:    Try loading font information for U+msa on input line 91.

("D:\Study\LaTeX\MikTeX 2.9.6161\tex\latex\amsfonts\umsa.fd"
File: umsa.fd 2013/01/14 v3.01 AMS symbols A
)
LaTeX Font Info:    Try loading font information for U+msb on input line 91.

("D:\Study\LaTeX\MikTeX 2.9.6161\tex\latex\amsfonts\umsb.fd"
File: umsb.fd 2013/01/14 v3.01 AMS symbols B
)
LaTeX Font Info:    Try loading font information for OMS+cmr on input line 95.

("D:\Study\LaTeX\MikTeX 2.9.6161\tex\latex\base\omscmr.fd"
File: omscmr.fd 2014/09/29 v2.5h Standard LaTeX font definitions
)
LaTeX Font Info:    Font shape `OMS/cmr/m/n' in size <8> not available
(Font)              Font shape `OMS/cmsy/m/n' tried instead on input line 95.
\@address@1=\toks36
\@address@2=\toks37
\@address@3=\toks38
\@address@4=\toks39
 (Introduction.tex
Overfull \hbox (6.23914pt too wide) in paragraph at lines 3--4
 \OT1/cmr/bx/n/10.95 1.Introduction.[][] \OT1/cmr/m/n/10.95 Genome Wide As-so-c
i-a-tion Stud-ies (GWAS) have iden-
 []


Underfull \hbox (badness 10000) has occurred while \output is active
[]
 []

[1

{C:/Users/Subho/AppData/Local/MiKTeX/2.9/pdftex/config/pdftex.map}] [2])
(model.tex [3] [4]
Overfull \hbox (15.48111pt too wide) in paragraph at lines 44--44
[] 
 []

) (methods.tex [5]

Package hyperref Warning: Token not allowed in a PDF string (PDFDocEncoding):
(hyperref)                removing `math shift' on input line 3.


Package hyperref Warning: Token not allowed in a PDF string (PDFDocEncoding):
(hyperref)                removing `math shift' on input line 3.

[6]
Overfull \hbox (17.61745pt too wide) in paragraph at lines 81--81
[] 
 []

[7]

Package hyperref Warning: Token not allowed in a PDF string (PDFDocEncoding):
(hyperref)                removing `math shift' on input line 89.


Package hyperref Warning: Token not allowed in a PDF string (PDFDocEncoding):
(hyperref)                removing `math shift' on input line 89.

[8]

Package hyperref Warning: Token not allowed in a PDF string (PDFDocEncoding):
(hyperref)                removing `math shift' on input line 122.


Package hyperref Warning: Token not allowed in a PDF string (PDFDocEncoding):
(hyperref)                removing `subscript' on input line 122.


Package hyperref Warning: Token not allowed in a PDF string (PDFDocEncoding):
(hyperref)                removing `math shift' on input line 122.


Package hyperref Warning: Token not allowed in a PDF string (PDFDocEncoding):
(hyperref)                removing `math shift' on input line 122.


Package hyperref Warning: Token not allowed in a PDF string (PDFDocEncoding):
(hyperref)                removing `math shift' on input line 122.

<"../Codes/plot_h0.05_tau2".pdf, id=250, 505.89pt x 289.08pt>
File: "../Codes/plot_h0.05_tau2".pdf Graphic file (type pdf)

<use "../Codes/plot_h0.05_tau2".pdf>
Package pdftex.def Info: "../Codes/plot_h0.05_tau2".pdf used on input line 128.

(pdftex.def)             Requested size: 211.74673pt x 121.00067pt.

<"../Codes/plot_h0.05_tau3".pdf, id=251, 505.89pt x 289.08pt>
File: "../Codes/plot_h0.05_tau3".pdf Graphic file (type pdf)

<use "../Codes/plot_h0.05_tau3".pdf>
Package pdftex.def Info: "../Codes/plot_h0.05_tau3".pdf used on input line 129.

(pdftex.def)             Requested size: 211.74673pt x 121.00067pt.

<"../Codes/plot_h0.05_tau6".pdf, id=252, 505.89pt x 289.08pt>
File: "../Codes/plot_h0.05_tau6".pdf Graphic file (type pdf)

<use "../Codes/plot_h0.05_tau6".pdf>
Package pdftex.def Info: "../Codes/plot_h0.05_tau6".pdf used on input line 130.

(pdftex.def)             Requested size: 211.74673pt x 121.00067pt.

<"../Codes/plot_h0.05_tau10".pdf, id=253, 505.89pt x 289.08pt>
File: "../Codes/plot_h0.05_tau10".pdf Graphic file (type pdf)

<use "../Codes/plot_h0.05_tau10".pdf>
Package pdftex.def Info: "../Codes/plot_h0.05_tau10".pdf used on input line 131
.
(pdftex.def)             Requested size: 211.74673pt x 121.00067pt.
 [9] [10 <../Codes/plot_h0.05_tau2.pdf> <../Codes/plot_h0.05_tau3.pdf> <../Code
s/plot_h0.05_tau6.pdf> <../Codes/plot_h0.05_tau10.pdf>] [11]
Overfull \hbox (8.71638pt too wide) in paragraph at lines 207--210
\OT1/cmr/m/n/10.95 ex-am-ple the $\OML/cmm/m/it/10.95 m$\OT1/cmr/m/n/10.95 -out
-of-$\OML/cmm/m/it/10.95 n$ \OT1/cmr/m/n/10.95 boot-strap and a scale-enhanced 
ver-sion of the bayesian
 []

[12]) (simulation.tex [13] [14]) (realdata.tex [15] [16]
Underfull \hbox (badness 10000) in paragraph at lines 34--34
[]\OT1/cmr/m/n/9 rs1808851, rs279856: close to
 []


Underfull \hbox (badness 10000) in paragraph at lines 35--35
[]\OT1/cmr/m/n/9 rs17027523: 20kb up-stream of
 []


Underfull \hbox (badness 1917) in paragraph at lines 35--35
[]\OT1/cmr/m/n/9 Multiple stud-ies ([][]$\OT1/cmtt/m/n/9 https :
 []


Underfull \hbox (badness 10000) in paragraph at lines 35--35
\OT1/cmtt/m/n/9 / / www . snpedia . com /
 []


Underfull \hbox (badness 7221) in paragraph at lines 36--36
[]\OT1/cmr/m/n/9 rs12662873: 1 kb up-stream of
 []


Underfull \hbox (badness 1917) in paragraph at lines 36--36
[]\OT1/cmr/m/n/9 Multiple stud-ies ([][]$\OT1/cmtt/m/n/9 https :
 []


Underfull \hbox (badness 10000) in paragraph at lines 36--36
\OT1/cmtt/m/n/9 / / www . snpedia . com /
 []


Underfull \hbox (badness 5862) in paragraph at lines 37--37
[]\OT1/cmr/m/n/9 rs9419624: 600b down-stream of
 []


Underfull \hbox (badness 6125) in paragraph at lines 37--37
\OT1/cmr/m/n/9 rs4646976; rs9419702: 10kb up-
 []


Underfull \hbox (badness 10000) in paragraph at lines 38--38
[]\OT1/cmr/m/n/9 Multiple stud-ies
 []


Underfull \hbox (badness 10000) in paragraph at lines 38--38
\OT1/cmr/m/n/9 ([][]$\OT1/cmtt/m/n/9 https : / / www . snpedia .
 []

[17] <"../gedi5 outputs/plotMZDZ_GABRA2".png, id=386, 867.24pt x 487.8225pt>
File: "../gedi5 outputs/plotMZDZ_GABRA2".png Graphic file (type png)

<use "../gedi5 outputs/plotMZDZ_GABRA2".png>
Package pdftex.def Info: "../gedi5 outputs/plotMZDZ_GABRA2".png used on input l
ine 52.
(pdftex.def)             Requested size: 255.99239pt x 143.9978pt.

<"../gedi5 outputs/plotMZDZ_ADH".png, id=387, 867.24pt x 487.8225pt>
File: "../gedi5 outputs/plotMZDZ_ADH".png Graphic file (type png)

<use "../gedi5 outputs/plotMZDZ_ADH".png>
Package pdftex.def Info: "../gedi5 outputs/plotMZDZ_ADH".png used on input line
 54.
(pdftex.def)             Requested size: 255.99239pt x 143.9978pt.

<"../gedi5 outputs/plotMZDZ_OPRM1".png, id=388, 867.24pt x 487.8225pt>
File: "../gedi5 outputs/plotMZDZ_OPRM1".png Graphic file (type png)

<use "../gedi5 outputs/plotMZDZ_OPRM1".png>
Package pdftex.def Info: "../gedi5 outputs/plotMZDZ_OPRM1".png used on input li
ne 56.
(pdftex.def)             Requested size: 255.99239pt x 143.9978pt.

<"../gedi5 outputs/plotMZDZ_CYP2E1".png, id=389, 867.24pt x 487.8225pt>
File: "../gedi5 outputs/plotMZDZ_CYP2E1".png Graphic file (type png)

<use "../gedi5 outputs/plotMZDZ_CYP2E1".png>
Package pdftex.def Info: "../gedi5 outputs/plotMZDZ_CYP2E1".png used on input l
ine 70.
(pdftex.def)             Requested size: 255.99239pt x 143.9978pt.

<"../gedi5 outputs/plotMZDZ_ALDH2".png, id=390, 867.24pt x 487.8225pt>
File: "../gedi5 outputs/plotMZDZ_ALDH2".png Graphic file (type png)

<use "../gedi5 outputs/plotMZDZ_ALDH2".png>
Package pdftex.def Info: "../gedi5 outputs/plotMZDZ_ALDH2".png used on input li
ne 72.
(pdftex.def)             Requested size: 255.99239pt x 143.9978pt.

<"../gedi5 outputs/plotMZDZ_COMT".png, id=391, 867.24pt x 487.8225pt>
File: "../gedi5 outputs/plotMZDZ_COMT".png Graphic file (type png)

<use "../gedi5 outputs/plotMZDZ_COMT".png>
Package pdftex.def Info: "../gedi5 outputs/plotMZDZ_COMT".png used on input lin
e 74.
(pdftex.def)             Requested size: 255.99239pt x 143.9978pt.

<"../gedi5 outputs/plotMZDZ_SLC6A3".png, id=392, 867.24pt x 487.8225pt>
File: "../gedi5 outputs/plotMZDZ_SLC6A3".png Graphic file (type png)

<use "../gedi5 outputs/plotMZDZ_SLC6A3".png>
Package pdftex.def Info: "../gedi5 outputs/plotMZDZ_SLC6A3".png used on input l
ine 88.
(pdftex.def)             Requested size: 255.99239pt x 143.9978pt.

<"../gedi5 outputs/plotMZDZ_SLC6A4".png, id=393, 867.24pt x 487.8225pt>
File: "../gedi5 outputs/plotMZDZ_SLC6A4".png Graphic file (type png)

<use "../gedi5 outputs/plotMZDZ_SLC6A4".png>
Package pdftex.def Info: "../gedi5 outputs/plotMZDZ_SLC6A4".png used on input l
ine 90.
(pdftex.def)             Requested size: 255.99239pt x 143.9978pt.

<"../gedi5 outputs/plotMZDZ_DRD2".png, id=394, 867.24pt x 487.8225pt>
File: "../gedi5 outputs/plotMZDZ_DRD2".png Graphic file (type png)

<use "../gedi5 outputs/plotMZDZ_DRD2".png>
Package pdftex.def Info: "../gedi5 outputs/plotMZDZ_DRD2".png used on input lin
e 92.
(pdftex.def)             Requested size: 255.99239pt x 143.9978pt.
) (conclusion.tex [18] [19 <../gedi5 outputs/plotMZDZ_GABRA2.png> <../gedi5 out
puts/plotMZDZ_ADH.png> <../gedi5 outputs/plotMZDZ_OPRM1.png>] [20 <../gedi5 out
puts/plotMZDZ_CYP2E1.png> <../gedi5 outputs/plotMZDZ_ALDH2.png> <../gedi5 outpu
ts/plotMZDZ_COMT.png>] [21 <../gedi5 outputs/plotMZDZ_SLC6A3.png> <../gedi5 out
puts/plotMZDZ_SLC6A4.png> <../gedi5 outputs/plotMZDZ_DRD2.png>]) (Twin-studies-
e-values-AoAS.bbl [22] [23]
Missing character: There is no â in font cmr9!
Missing character: There is no € in font cmr9!
Missing character: There is no “ in font cmr9!
 [24])
Package atveryend Info: Empty hook `BeforeClearDocument' on input line 181.

[25]
Package atveryend Info: Empty hook `AfterLastShipout' on input line 181.
 (Twin-studies-e-values-AoAS.aux)
Package atveryend Info: Executing hook `AtVeryEndDocument' on input line 181.
Package atveryend Info: Executing hook `AtEndAfterFileList' on input line 181.
Package rerunfilecheck Info: File `Twin-studies-e-values-AoAS.out' has not chan
ged.
(rerunfilecheck)             Checksum: 7532FA0649D9A8B5645CC14470D87CBA;1065.


LaTeX Warning: There were multiply-defined labels.

Package atveryend Info: Empty hook `AtVeryVeryEnd' on input line 181.
 ) 
Here is how much of TeX's memory you used:
 9802 strings out of 493333
 143037 string characters out of 3137901
 244514 words of memory out of 3000000
 13010 multiletter control sequences out of 15000+200000
 18297 words of font info for 68 fonts, out of 3000000 for 9000
 1141 hyphenation exceptions out of 8191
 36i,14n,39p,1866b,639s stack positions out of 5000i,500n,10000p,200000b,50000s
<D:/Study/LaTeX/MikTeX 2.9.6161/fonts/type1/public/amsfonts/cm/cmbx10.pfb><D:
/Study/LaTeX/MikTeX 2.9.6161/fonts/type1/public/amsfonts/cm/cmbx9.pfb><D:/Study
/LaTeX/MikTeX 2.9.6161/fonts/type1/public/amsfonts/cm/cmcsc10.pfb><D:/Study/LaT
eX/MikTeX 2.9.6161/fonts/type1/public/amsfonts/cm/cmex10.pfb><D:/Study/LaTeX/Mi
kTeX 2.9.6161/fonts/type1/public/amsfonts/cm/cmmi10.pfb><D:/Study/LaTeX/MikTeX 
2.9.6161/fonts/type1/public/amsfonts/cm/cmmi6.pfb><D:/Study/LaTeX/MikTeX 2.9.61
61/fonts/type1/public/amsfonts/cm/cmmi7.pfb><D:/Study/LaTeX/MikTeX 2.9.6161/fon
ts/type1/public/amsfonts/cm/cmmi8.pfb><D:/Study/LaTeX/MikTeX 2.9.6161/fonts/typ
e1/public/amsfonts/cm/cmmi9.pfb><D:/Study/LaTeX/MikTeX 2.9.6161/fonts/type1/pub
lic/amsfonts/cm/cmmib10.pfb><D:/Study/LaTeX/MikTeX 2.9.6161/fonts/type1/public/
amsfonts/cm/cmr10.pfb><D:/Study/LaTeX/MikTeX 2.9.6161/fonts/type1/public/amsfon
ts/cm/cmr6.pfb><D:/Study/LaTeX/MikTeX 2.9.6161/fonts/type1/public/amsfonts/cm/c
mr7.pfb><D:/Study/LaTeX/MikTeX 2.9.6161/fonts/type1/public/amsfonts/cm/cmr8.pfb
><D:/Study/LaTeX/MikTeX 2.9.6161/fonts/type1/public/amsfonts/cm/cmr9.pfb><D:/St
udy/LaTeX/MikTeX 2.9.6161/fonts/type1/public/amsfonts/cm/cmsy10.pfb><D:/Study/L
aTeX/MikTeX 2.9.6161/fonts/type1/public/amsfonts/cm/cmsy7.pfb><D:/Study/LaTeX/M
ikTeX 2.9.6161/fonts/type1/public/amsfonts/cm/cmsy8.pfb><D:/Study/LaTeX/MikTeX 
2.9.6161/fonts/type1/public/amsfonts/cm/cmti10.pfb><D:/Study/LaTeX/MikTeX 2.9.6
161/fonts/type1/public/amsfonts/cm/cmti9.pfb><D:/Study/LaTeX/MikTeX 2.9.6161/fo
nts/type1/public/amsfonts/cm/cmtt9.pfb><D:/Study/LaTeX/MikTeX 2.9.6161/fonts/ty
pe1/public/amsfonts/symbols/msam10.pfb><D:/Study/LaTeX/MikTeX 2.9.6161/fonts/ty
pe1/public/amsfonts/symbols/msbm10.pfb>
Output written on Twin-studies-e-values-AoAS.pdf (25 pages, 1310055 bytes).
PDF statistics:
 561 PDF objects out of 1000 (max. 8388607)
 131 named destinations out of 1000 (max. 500000)
 202 words of extra memory for PDF output out of 10000 (max. 10000000)

